{"C:\\Users\\User\\.gemini\\antigravity\\scratch\\cognitive-memory\\src\\cache.ts": {"path":"C:\\Users\\User\\.gemini\\antigravity\\scratch\\cognitive-memory\\src\\cache.ts","statementMap":{"0":{"start":{"line":13,"column":27},"end":{"line":13,"column":null}},"1":{"start":{"line":22,"column":4},"end":{"line":24,"column":null}},"2":{"start":{"line":34,"column":22},"end":{"line":34,"column":null}},"3":{"start":{"line":35,"column":4},"end":{"line":37,"column":null}},"4":{"start":{"line":36,"column":6},"end":{"line":36,"column":null}},"5":{"start":{"line":39,"column":17},"end":{"line":39,"column":null}},"6":{"start":{"line":42,"column":20},"end":{"line":42,"column":null}},"7":{"start":{"line":43,"column":4},"end":{"line":45,"column":null}},"8":{"start":{"line":44,"column":6},"end":{"line":44,"column":null}},"9":{"start":{"line":48,"column":15},"end":{"line":48,"column":null}},"10":{"start":{"line":49,"column":4},"end":{"line":62,"column":null}},"11":{"start":{"line":50,"column":19},"end":{"line":50,"column":null}},"12":{"start":{"line":51,"column":18},"end":{"line":51,"column":null}},"13":{"start":{"line":53,"column":6},"end":{"line":59,"column":null}},"14":{"start":{"line":55,"column":27},"end":{"line":55,"column":null}},"15":{"start":{"line":56,"column":31},"end":{"line":56,"column":null}},"16":{"start":{"line":57,"column":8},"end":{"line":57,"column":null}},"17":{"start":{"line":58,"column":8},"end":{"line":58,"column":null}},"18":{"start":{"line":61,"column":6},"end":{"line":61,"column":null}},"19":{"start":{"line":65,"column":4},"end":{"line":65,"column":null}},"20":{"start":{"line":66,"column":22},"end":{"line":66,"column":null}},"21":{"start":{"line":69,"column":4},"end":{"line":69,"column":null}},"22":{"start":{"line":72,"column":4},"end":{"line":79,"column":null}},"23":{"start":{"line":73,"column":19},"end":{"line":73,"column":null}},"24":{"start":{"line":74,"column":25},"end":{"line":74,"column":null}},"25":{"start":{"line":75,"column":21},"end":{"line":75,"column":null}},"26":{"start":{"line":76,"column":6},"end":{"line":76,"column":null}},"27":{"start":{"line":78,"column":6},"end":{"line":78,"column":null}},"28":{"start":{"line":81,"column":4},"end":{"line":81,"column":null}}},"fnMap":{"0":{"name":"computeHash","decl":{"start":{"line":21,"column":16},"end":{"line":21,"column":28}},"loc":{"start":{"line":21,"column":50},"end":{"line":25,"column":null}},"line":21},"1":{"name":"getEmbedding","decl":{"start":{"line":33,"column":22},"end":{"line":33,"column":35}},"loc":{"start":{"line":33,"column":68},"end":{"line":82,"column":null}},"line":33}},"branchMap":{"0":{"loc":{"start":{"line":35,"column":4},"end":{"line":37,"column":null}},"type":"if","locations":[{"start":{"line":35,"column":4},"end":{"line":37,"column":null}},{"start":{},"end":{}}],"line":35},"1":{"loc":{"start":{"line":43,"column":4},"end":{"line":45,"column":null}},"type":"if","locations":[{"start":{"line":43,"column":4},"end":{"line":45,"column":null}},{"start":{},"end":{}}],"line":43},"2":{"loc":{"start":{"line":53,"column":6},"end":{"line":59,"column":null}},"type":"if","locations":[{"start":{"line":53,"column":6},"end":{"line":59,"column":null}},{"start":{},"end":{}}],"line":53},"3":{"loc":{"start":{"line":53,"column":10},"end":{"line":53,"column":32}},"type":"binary-expr","locations":[{"start":{"line":53,"column":10},"end":{"line":53,"column":17}},{"start":{"line":53,"column":17},"end":{"line":53,"column":32}}],"line":53}},"s":{"0":7,"1":21,"2":18,"3":18,"4":0,"5":18,"6":18,"7":18,"8":2,"9":16,"10":16,"11":16,"12":16,"13":16,"14":0,"15":0,"16":0,"17":0,"18":0,"19":16,"20":16,"21":16,"22":16,"23":16,"24":16,"25":16,"26":16,"27":0,"28":16},"f":{"0":7,"1":7},"b":{"0":[0,18],"1":[2,16],"2":[0,16],"3":[16,0]},"meta":{"lastBranch":4,"lastFunction":2,"lastStatement":29,"seen":{"s:13:27:13:Infinity":0,"f:21:16:21:28":0,"s:22:4:24:Infinity":1,"f:33:22:33:35":1,"s:34:22:34:Infinity":2,"b:35:4:37:Infinity:undefined:undefined:undefined:undefined":0,"s:35:4:37:Infinity":3,"s:36:6:36:Infinity":4,"s:39:17:39:Infinity":5,"s:42:20:42:Infinity":6,"b:43:4:45:Infinity:undefined:undefined:undefined:undefined":1,"s:43:4:45:Infinity":7,"s:44:6:44:Infinity":8,"s:48:15:48:Infinity":9,"s:49:4:62:Infinity":10,"s:50:19:50:Infinity":11,"s:51:18:51:Infinity":12,"b:53:6:59:Infinity:undefined:undefined:undefined:undefined":2,"s:53:6:59:Infinity":13,"b:53:10:53:17:53:17:53:32":3,"s:55:27:55:Infinity":14,"s:56:31:56:Infinity":15,"s:57:8:57:Infinity":16,"s:58:8:58:Infinity":17,"s:61:6:61:Infinity":18,"s:65:4:65:Infinity":19,"s:66:22:66:Infinity":20,"s:69:4:69:Infinity":21,"s:72:4:79:Infinity":22,"s:73:19:73:Infinity":23,"s:74:25:74:Infinity":24,"s:75:21:75:Infinity":25,"s:76:6:76:Infinity":26,"s:78:6:78:Infinity":27,"s:81:4:81:Infinity":28}}}
,"C:\\Users\\User\\.gemini\\antigravity\\scratch\\cognitive-memory\\src\\db.ts": {"path":"C:\\Users\\User\\.gemini\\antigravity\\scratch\\cognitive-memory\\src\\db.ts","statementMap":{"0":{"start":{"line":7,"column":16},"end":{"line":7,"column":null}},"1":{"start":{"line":15,"column":2},"end":{"line":15,"column":null}},"2":{"start":{"line":25,"column":2},"end":{"line":28,"column":null}},"3":{"start":{"line":26,"column":18},"end":{"line":26,"column":null}},"4":{"start":{"line":27,"column":4},"end":{"line":27,"column":null}},"5":{"start":{"line":29,"column":2},"end":{"line":31,"column":null}},"6":{"start":{"line":30,"column":4},"end":{"line":30,"column":null}},"7":{"start":{"line":32,"column":2},"end":{"line":32,"column":null}},"8":{"start":{"line":44,"column":54},"end":{"line":44,"column":null}},"9":{"start":{"line":54,"column":4},"end":{"line":67,"column":null}},"10":{"start":{"line":55,"column":17},"end":{"line":55,"column":null}},"11":{"start":{"line":58,"column":6},"end":{"line":58,"column":null}},"12":{"start":{"line":61,"column":6},"end":{"line":61,"column":null}},"13":{"start":{"line":64,"column":6},"end":{"line":64,"column":null}},"14":{"start":{"line":66,"column":6},"end":{"line":66,"column":null}},"15":{"start":{"line":68,"column":4},"end":{"line":68,"column":null}},"16":{"start":{"line":80,"column":4},"end":{"line":120,"column":null}},"17":{"start":{"line":129,"column":4},"end":{"line":132,"column":null}},"18":{"start":{"line":130,"column":6},"end":{"line":130,"column":null}},"19":{"start":{"line":131,"column":6},"end":{"line":131,"column":null}}},"fnMap":{"0":{"name":"generateId","decl":{"start":{"line":14,"column":16},"end":{"line":14,"column":37}},"loc":{"start":{"line":14,"column":37},"end":{"line":16,"column":null}},"line":14},"1":{"name":"normalizeRecordId","decl":{"start":{"line":24,"column":16},"end":{"line":24,"column":34}},"loc":{"start":{"line":24,"column":51},"end":{"line":33,"column":null}},"line":24},"2":{"name":"getInstance","decl":{"start":{"line":53,"column":16},"end":{"line":53,"column":49}},"loc":{"start":{"line":53,"column":49},"end":{"line":69,"column":null}},"line":53},"3":{"name":"initSchema","decl":{"start":{"line":79,"column":17},"end":{"line":79,"column":28}},"loc":{"start":{"line":79,"column":51},"end":{"line":121,"column":null}},"line":79},"4":{"name":"close","decl":{"start":{"line":128,"column":16},"end":{"line":128,"column":30}},"loc":{"start":{"line":128,"column":30},"end":{"line":133,"column":null}},"line":128}},"branchMap":{"0":{"loc":{"start":{"line":7,"column":16},"end":{"line":7,"column":null}},"type":"binary-expr","locations":[{"start":{"line":7,"column":16},"end":{"line":7,"column":46}},{"start":{"line":7,"column":46},"end":{"line":7,"column":null}}],"line":7},"1":{"loc":{"start":{"line":25,"column":2},"end":{"line":28,"column":null}},"type":"if","locations":[{"start":{"line":25,"column":2},"end":{"line":28,"column":null}},{"start":{},"end":{}}],"line":25},"2":{"loc":{"start":{"line":27,"column":11},"end":{"line":27,"column":null}},"type":"cond-expr","locations":[{"start":{"line":27,"column":30},"end":{"line":27,"column":57}},{"start":{"line":27,"column":57},"end":{"line":27,"column":null}}],"line":27},"3":{"loc":{"start":{"line":29,"column":2},"end":{"line":31,"column":null}},"type":"if","locations":[{"start":{"line":29,"column":2},"end":{"line":31,"column":null}},{"start":{},"end":{}}],"line":29},"4":{"loc":{"start":{"line":29,"column":6},"end":{"line":29,"column":45}},"type":"binary-expr","locations":[{"start":{"line":29,"column":6},"end":{"line":29,"column":12}},{"start":{"line":29,"column":12},"end":{"line":29,"column":38}},{"start":{"line":29,"column":38},"end":{"line":29,"column":45}}],"line":29},"5":{"loc":{"start":{"line":54,"column":4},"end":{"line":67,"column":null}},"type":"if","locations":[{"start":{"line":54,"column":4},"end":{"line":67,"column":null}},{"start":{},"end":{}}],"line":54},"6":{"loc":{"start":{"line":129,"column":4},"end":{"line":132,"column":null}},"type":"if","locations":[{"start":{"line":129,"column":4},"end":{"line":132,"column":null}},{"start":{},"end":{}}],"line":129}},"s":{"0":8,"1":21,"2":3,"3":2,"4":2,"5":1,"6":1,"7":0,"8":8,"9":52,"10":12,"11":12,"12":12,"13":12,"14":12,"15":52,"16":12,"17":17,"18":12,"19":12},"f":{"0":21,"1":3,"2":8,"3":8,"4":8},"b":{"0":[8,0],"1":[2,1],"2":[1,1],"3":[1,0],"4":[1,1,1],"5":[12,40],"6":[12,5]},"meta":{"lastBranch":7,"lastFunction":5,"lastStatement":20,"seen":{"s:7:16:7:Infinity":0,"b:7:16:7:46:7:46:7:Infinity":0,"f:14:16:14:37":0,"s:15:2:15:Infinity":1,"f:24:16:24:34":1,"b:25:2:28:Infinity:undefined:undefined:undefined:undefined":1,"s:25:2:28:Infinity":2,"s:26:18:26:Infinity":3,"s:27:4:27:Infinity":4,"b:27:30:27:57:27:57:27:Infinity":2,"b:29:2:31:Infinity:undefined:undefined:undefined:undefined":3,"s:29:2:31:Infinity":5,"b:29:6:29:12:29:12:29:38:29:38:29:45":4,"s:30:4:30:Infinity":6,"s:32:2:32:Infinity":7,"s:44:54:44:Infinity":8,"f:53:16:53:49":2,"b:54:4:67:Infinity:undefined:undefined:undefined:undefined":5,"s:54:4:67:Infinity":9,"s:55:17:55:Infinity":10,"s:58:6:58:Infinity":11,"s:61:6:61:Infinity":12,"s:64:6:64:Infinity":13,"s:66:6:66:Infinity":14,"s:68:4:68:Infinity":15,"f:79:17:79:28":3,"s:80:4:120:Infinity":16,"f:128:16:128:30":4,"b:129:4:132:Infinity:undefined:undefined:undefined:undefined":6,"s:129:4:132:Infinity":17,"s:130:6:130:Infinity":18,"s:131:6:131:Infinity":19}}}
,"C:\\Users\\User\\.gemini\\antigravity\\scratch\\cognitive-memory\\src\\ollama.ts": {"path":"C:\\Users\\User\\.gemini\\antigravity\\scratch\\cognitive-memory\\src\\ollama.ts","statementMap":{"0":{"start":{"line":1,"column":19},"end":{"line":1,"column":null}},"1":{"start":{"line":2,"column":24},"end":{"line":2,"column":null}},"2":{"start":{"line":16,"column":16},"end":{"line":16,"column":null}},"3":{"start":{"line":17,"column":22},"end":{"line":17,"column":null}},"4":{"start":{"line":19,"column":4},"end":{"line":48,"column":null}},"5":{"start":{"line":20,"column":23},"end":{"line":27,"column":null}},"6":{"start":{"line":29,"column":6},"end":{"line":32,"column":null}},"7":{"start":{"line":30,"column":26},"end":{"line":30,"column":null}},"8":{"start":{"line":31,"column":8},"end":{"line":31,"column":null}},"9":{"start":{"line":34,"column":20},"end":{"line":34,"column":null}},"10":{"start":{"line":39,"column":6},"end":{"line":41,"column":null}},"11":{"start":{"line":40,"column":8},"end":{"line":40,"column":null}},"12":{"start":{"line":44,"column":6},"end":{"line":44,"column":null}},"13":{"start":{"line":46,"column":6},"end":{"line":46,"column":null}},"14":{"start":{"line":47,"column":6},"end":{"line":47,"column":null}},"15":{"start":{"line":59,"column":16},"end":{"line":59,"column":null}},"16":{"start":{"line":60,"column":18},"end":{"line":60,"column":null}},"17":{"start":{"line":62,"column":4},"end":{"line":87,"column":null}},"18":{"start":{"line":63,"column":23},"end":{"line":72,"column":null}},"19":{"start":{"line":74,"column":6},"end":{"line":77,"column":null}},"20":{"start":{"line":75,"column":26},"end":{"line":75,"column":null}},"21":{"start":{"line":76,"column":8},"end":{"line":76,"column":null}},"22":{"start":{"line":79,"column":20},"end":{"line":79,"column":null}},"23":{"start":{"line":83,"column":6},"end":{"line":83,"column":null}},"24":{"start":{"line":85,"column":6},"end":{"line":85,"column":null}},"25":{"start":{"line":86,"column":6},"end":{"line":86,"column":null}}},"fnMap":{"0":{"name":"getEmbedding","decl":{"start":{"line":15,"column":22},"end":{"line":15,"column":35}},"loc":{"start":{"line":15,"column":68},"end":{"line":49,"column":null}},"line":15},"1":{"name":"generateText","decl":{"start":{"line":58,"column":22},"end":{"line":58,"column":35}},"loc":{"start":{"line":58,"column":85},"end":{"line":88,"column":null}},"line":58}},"branchMap":{"0":{"loc":{"start":{"line":1,"column":19},"end":{"line":1,"column":null}},"type":"binary-expr","locations":[{"start":{"line":1,"column":19},"end":{"line":1,"column":45}},{"start":{"line":1,"column":45},"end":{"line":1,"column":null}}],"line":1},"1":{"loc":{"start":{"line":2,"column":24},"end":{"line":2,"column":null}},"type":"binary-expr","locations":[{"start":{"line":2,"column":24},"end":{"line":2,"column":55}},{"start":{"line":2,"column":55},"end":{"line":2,"column":null}}],"line":2},"2":{"loc":{"start":{"line":29,"column":6},"end":{"line":32,"column":null}},"type":"if","locations":[{"start":{"line":29,"column":6},"end":{"line":32,"column":null}},{"start":{},"end":{}}],"line":29},"3":{"loc":{"start":{"line":39,"column":6},"end":{"line":41,"column":null}},"type":"if","locations":[{"start":{"line":39,"column":6},"end":{"line":41,"column":null}},{"start":{},"end":{}}],"line":39},"4":{"loc":{"start":{"line":39,"column":10},"end":{"line":39,"column":60}},"type":"binary-expr","locations":[{"start":{"line":39,"column":10},"end":{"line":39,"column":30}},{"start":{"line":39,"column":30},"end":{"line":39,"column":60}}],"line":39},"5":{"loc":{"start":{"line":60,"column":18},"end":{"line":60,"column":null}},"type":"binary-expr","locations":[{"start":{"line":60,"column":18},"end":{"line":60,"column":43}},{"start":{"line":60,"column":43},"end":{"line":60,"column":null}}],"line":60},"6":{"loc":{"start":{"line":74,"column":6},"end":{"line":77,"column":null}},"type":"if","locations":[{"start":{"line":74,"column":6},"end":{"line":77,"column":null}},{"start":{},"end":{}}],"line":74}},"s":{"0":1,"1":1,"2":0,"3":0,"4":0,"5":0,"6":0,"7":0,"8":0,"9":0,"10":0,"11":0,"12":0,"13":0,"14":0,"15":0,"16":0,"17":0,"18":0,"19":0,"20":0,"21":0,"22":0,"23":0,"24":0,"25":0},"f":{"0":1,"1":1},"b":{"0":[1,1],"1":[1,1],"2":[0,0],"3":[0,0],"4":[0,0],"5":[0,0],"6":[0,0]},"meta":{"lastBranch":7,"lastFunction":2,"lastStatement":26,"seen":{"s:1:19:1:Infinity":0,"b:1:19:1:45:1:45:1:Infinity":0,"s:2:24:2:Infinity":1,"b:2:24:2:55:2:55:2:Infinity":1,"f:15:22:15:35":0,"s:16:16:16:Infinity":2,"s:17:22:17:Infinity":3,"s:19:4:48:Infinity":4,"s:20:23:27:Infinity":5,"b:29:6:32:Infinity:undefined:undefined:undefined:undefined":2,"s:29:6:32:Infinity":6,"s:30:26:30:Infinity":7,"s:31:8:31:Infinity":8,"s:34:20:34:Infinity":9,"b:39:6:41:Infinity:undefined:undefined:undefined:undefined":3,"s:39:6:41:Infinity":10,"b:39:10:39:30:39:30:39:60":4,"s:40:8:40:Infinity":11,"s:44:6:44:Infinity":12,"s:46:6:46:Infinity":13,"s:47:6:47:Infinity":14,"f:58:22:58:35":1,"s:59:16:59:Infinity":15,"s:60:18:60:Infinity":16,"b:60:18:60:43:60:43:60:Infinity":5,"s:62:4:87:Infinity":17,"s:63:23:72:Infinity":18,"b:74:6:77:Infinity:undefined:undefined:undefined:undefined":6,"s:74:6:77:Infinity":19,"s:75:26:75:Infinity":20,"s:76:8:76:Infinity":21,"s:79:20:79:Infinity":22,"s:83:6:83:Infinity":23,"s:85:6:85:Infinity":24,"s:86:6:86:Infinity":25}}}
,"C:\\Users\\User\\.gemini\\antigravity\\scratch\\cognitive-memory\\src\\hooks\\bootstrap.ts": {"path":"C:\\Users\\User\\.gemini\\antigravity\\scratch\\cognitive-memory\\src\\hooks\\bootstrap.ts","statementMap":{"0":{"start":{"line":9,"column":16},"end":{"line":9,"column":null}},"1":{"start":{"line":10,"column":2},"end":{"line":10,"column":null}},"2":{"start":{"line":12,"column":2},"end":{"line":27,"column":null}},"3":{"start":{"line":13,"column":4},"end":{"line":16,"column":null}},"4":{"start":{"line":14,"column":6},"end":{"line":14,"column":null}},"5":{"start":{"line":15,"column":6},"end":{"line":15,"column":null}},"6":{"start":{"line":18,"column":4},"end":{"line":21,"column":null}},"7":{"start":{"line":19,"column":6},"end":{"line":19,"column":null}},"8":{"start":{"line":20,"column":6},"end":{"line":20,"column":null}},"9":{"start":{"line":23,"column":4},"end":{"line":23,"column":null}},"10":{"start":{"line":25,"column":4},"end":{"line":25,"column":null}},"11":{"start":{"line":26,"column":4},"end":{"line":26,"column":null}},"12":{"start":{"line":30,"column":0},"end":{"line":30,"column":null}}},"fnMap":{"0":{"name":"runHooks","decl":{"start":{"line":8,"column":15},"end":{"line":8,"column":26}},"loc":{"start":{"line":8,"column":26},"end":{"line":28,"column":null}},"line":8}},"branchMap":{"0":{"loc":{"start":{"line":9,"column":16},"end":{"line":9,"column":null}},"type":"binary-expr","locations":[{"start":{"line":9,"column":16},"end":{"line":9,"column":35}},{"start":{"line":9,"column":35},"end":{"line":9,"column":null}}],"line":9},"1":{"loc":{"start":{"line":13,"column":4},"end":{"line":16,"column":null}},"type":"if","locations":[{"start":{"line":13,"column":4},"end":{"line":16,"column":null}},{"start":{},"end":{}}],"line":13},"2":{"loc":{"start":{"line":13,"column":8},"end":{"line":13,"column":54}},"type":"binary-expr","locations":[{"start":{"line":13,"column":8},"end":{"line":13,"column":36}},{"start":{"line":13,"column":36},"end":{"line":13,"column":54}}],"line":13},"3":{"loc":{"start":{"line":18,"column":4},"end":{"line":21,"column":null}},"type":"if","locations":[{"start":{"line":18,"column":4},"end":{"line":21,"column":null}},{"start":{},"end":{}}],"line":18},"4":{"loc":{"start":{"line":18,"column":8},"end":{"line":18,"column":52}},"type":"binary-expr","locations":[{"start":{"line":18,"column":8},"end":{"line":18,"column":34}},{"start":{"line":18,"column":34},"end":{"line":18,"column":52}}],"line":18}},"s":{"0":0,"1":0,"2":0,"3":0,"4":0,"5":0,"6":0,"7":0,"8":0,"9":0,"10":0,"11":0,"12":0},"f":{"0":0},"b":{"0":[0,0],"1":[0,0],"2":[0,0],"3":[0,0],"4":[0,0]},"meta":{"lastBranch":5,"lastFunction":1,"lastStatement":13,"seen":{"f:8:15:8:26":0,"s:9:16:9:Infinity":0,"b:9:16:9:35:9:35:9:Infinity":0,"s:10:2:10:Infinity":1,"s:12:2:27:Infinity":2,"b:13:4:16:Infinity:undefined:undefined:undefined:undefined":1,"s:13:4:16:Infinity":3,"b:13:8:13:36:13:36:13:54":2,"s:14:6:14:Infinity":4,"s:15:6:15:Infinity":5,"b:18:4:21:Infinity:undefined:undefined:undefined:undefined":3,"s:18:4:21:Infinity":6,"b:18:8:18:34:18:34:18:52":4,"s:19:6:19:Infinity":7,"s:20:6:20:Infinity":8,"s:23:4:23:Infinity":9,"s:25:4:25:Infinity":10,"s:26:4:26:Infinity":11,"s:30:0:30:Infinity":12}}}
,"C:\\Users\\User\\.gemini\\antigravity\\scratch\\cognitive-memory\\src\\tools\\clear.ts": {"path":"C:\\Users\\User\\.gemini\\antigravity\\scratch\\cognitive-memory\\src\\tools\\clear.ts","statementMap":{"0":{"start":{"line":8,"column":2},"end":{"line":10,"column":null}},"1":{"start":{"line":9,"column":4},"end":{"line":9,"column":null}},"2":{"start":{"line":12,"column":13},"end":{"line":12,"column":null}},"3":{"start":{"line":14,"column":2},"end":{"line":38,"column":null}},"4":{"start":{"line":15,"column":4},"end":{"line":15,"column":null}},"5":{"start":{"line":18,"column":4},"end":{"line":18,"column":null}},"6":{"start":{"line":21,"column":4},"end":{"line":21,"column":null}},"7":{"start":{"line":24,"column":4},"end":{"line":24,"column":null}},"8":{"start":{"line":27,"column":4},"end":{"line":27,"column":null}},"9":{"start":{"line":29,"column":4},"end":{"line":29,"column":null}},"10":{"start":{"line":31,"column":4},"end":{"line":34,"column":null}},"11":{"start":{"line":36,"column":4},"end":{"line":36,"column":null}},"12":{"start":{"line":37,"column":4},"end":{"line":37,"column":null}}},"fnMap":{"0":{"name":"executeMemoryClearAll","decl":{"start":{"line":7,"column":22},"end":{"line":7,"column":44}},"loc":{"start":{"line":7,"column":70},"end":{"line":39,"column":null}},"line":7}},"branchMap":{"0":{"loc":{"start":{"line":8,"column":2},"end":{"line":10,"column":null}},"type":"if","locations":[{"start":{"line":8,"column":2},"end":{"line":10,"column":null}},{"start":{},"end":{}}],"line":8}},"s":{"0":2,"1":1,"2":1,"3":1,"4":1,"5":1,"6":1,"7":1,"8":1,"9":1,"10":1,"11":0,"12":0},"f":{"0":2},"b":{"0":[1,1]},"meta":{"lastBranch":1,"lastFunction":1,"lastStatement":13,"seen":{"f:7:22:7:44":0,"b:8:2:10:Infinity:undefined:undefined:undefined:undefined":0,"s:8:2:10:Infinity":0,"s:9:4:9:Infinity":1,"s:12:13:12:Infinity":2,"s:14:2:38:Infinity":3,"s:15:4:15:Infinity":4,"s:18:4:18:Infinity":5,"s:21:4:21:Infinity":6,"s:24:4:24:Infinity":7,"s:27:4:27:Infinity":8,"s:29:4:29:Infinity":9,"s:31:4:34:Infinity":10,"s:36:4:36:Infinity":11,"s:37:4:37:Infinity":12}}}
,"C:\\Users\\User\\.gemini\\antigravity\\scratch\\cognitive-memory\\src\\tools\\consolidate.ts": {"path":"C:\\Users\\User\\.gemini\\antigravity\\scratch\\cognitive-memory\\src\\tools\\consolidate.ts","statementMap":{"0":{"start":{"line":77,"column":13},"end":{"line":77,"column":null}},"1":{"start":{"line":80,"column":24},"end":{"line":82,"column":null}},"2":{"start":{"line":84,"column":2},"end":{"line":84,"column":null}},"3":{"start":{"line":86,"column":20},"end":{"line":86,"column":null}},"4":{"start":{"line":87,"column":21},"end":{"line":87,"column":null}},"5":{"start":{"line":88,"column":44},"end":{"line":88,"column":null}},"6":{"start":{"line":89,"column":17},"end":{"line":89,"column":null}},"7":{"start":{"line":90,"column":14},"end":{"line":90,"column":null}},"8":{"start":{"line":93,"column":2},"end":{"line":116,"column":null}},"9":{"start":{"line":94,"column":4},"end":{"line":115,"column":null}},"10":{"start":{"line":95,"column":12},"end":{"line":95,"column":null}},"11":{"start":{"line":96,"column":28},"end":{"line":96,"column":null}},"12":{"start":{"line":97,"column":6},"end":{"line":114,"column":null}},"13":{"start":{"line":98,"column":8},"end":{"line":98,"column":null}},"14":{"start":{"line":99,"column":8},"end":{"line":99,"column":null}},"15":{"start":{"line":101,"column":8},"end":{"line":101,"column":null}},"16":{"start":{"line":102,"column":8},"end":{"line":102,"column":null}},"17":{"start":{"line":103,"column":29},"end":{"line":103,"column":null}},"18":{"start":{"line":104,"column":8},"end":{"line":106,"column":null}},"19":{"start":{"line":105,"column":10},"end":{"line":105,"column":null}},"20":{"start":{"line":107,"column":27},"end":{"line":107,"column":null}},"21":{"start":{"line":108,"column":8},"end":{"line":113,"column":null}},"22":{"start":{"line":119,"column":2},"end":{"line":119,"column":null}},"23":{"start":{"line":119,"column":69},"end":{"line":119,"column":87}},"24":{"start":{"line":121,"column":2},"end":{"line":121,"column":null}},"25":{"start":{"line":142,"column":13},"end":{"line":142,"column":null}},"26":{"start":{"line":144,"column":20},"end":{"line":144,"column":null}},"27":{"start":{"line":145,"column":23},"end":{"line":145,"column":null}},"28":{"start":{"line":147,"column":2},"end":{"line":195,"column":null}},"29":{"start":{"line":147,"column":15},"end":{"line":147,"column":18}},"30":{"start":{"line":148,"column":4},"end":{"line":148,"column":null}},"31":{"start":{"line":148,"column":26},"end":{"line":148,"column":null}},"32":{"start":{"line":149,"column":17},"end":{"line":149,"column":null}},"33":{"start":{"line":150,"column":4},"end":{"line":150,"column":null}},"34":{"start":{"line":150,"column":35},"end":{"line":150,"column":null}},"35":{"start":{"line":153,"column":23},"end":{"line":153,"column":null}},"36":{"start":{"line":154,"column":28},"end":{"line":156,"column":null}},"37":{"start":{"line":158,"column":4},"end":{"line":194,"column":null}},"38":{"start":{"line":159,"column":6},"end":{"line":159,"column":null}},"39":{"start":{"line":159,"column":37},"end":{"line":159,"column":null}},"40":{"start":{"line":160,"column":6},"end":{"line":193,"column":null}},"41":{"start":{"line":162,"column":27},"end":{"line":165,"column":null}},"42":{"start":{"line":166,"column":20},"end":{"line":166,"column":null}},"43":{"start":{"line":167,"column":8},"end":{"line":169,"column":null}},"44":{"start":{"line":168,"column":10},"end":{"line":168,"column":null}},"45":{"start":{"line":172,"column":28},"end":{"line":176,"column":null}},"46":{"start":{"line":179,"column":8},"end":{"line":188,"column":null}},"47":{"start":{"line":180,"column":10},"end":{"line":180,"column":null}},"48":{"start":{"line":181,"column":10},"end":{"line":181,"column":null}},"49":{"start":{"line":182,"column":10},"end":{"line":187,"column":null}},"50":{"start":{"line":190,"column":8},"end":{"line":190,"column":null}},"51":{"start":{"line":191,"column":8},"end":{"line":191,"column":null}},"52":{"start":{"line":192,"column":8},"end":{"line":192,"column":null}},"53":{"start":{"line":193,"column":22},"end":{"line":193,"column":62}}},"fnMap":{"0":{"name":"executeMemoryConsolidate","decl":{"start":{"line":58,"column":22},"end":{"line":58,"column":null}},"loc":{"start":{"line":75,"column":3},"end":{"line":122,"column":null}},"line":75},"1":{"name":"(anonymous_1)","decl":{"start":{"line":93,"column":5},"end":{"line":93,"column":23}},"loc":{"start":{"line":93,"column":23},"end":{"line":116,"column":3}},"line":93},"2":{"name":"(anonymous_2)","decl":{"start":{"line":119,"column":54},"end":{"line":119,"column":61}},"loc":{"start":{"line":119,"column":69},"end":{"line":119,"column":87}},"line":119},"3":{"name":"runBackgroundDeduplication","decl":{"start":{"line":138,"column":15},"end":{"line":138,"column":null}},"loc":{"start":{"line":140,"column":17},"end":{"line":196,"column":null}},"line":140},"4":{"name":"(anonymous_4)","decl":{"start":{"line":179,"column":11},"end":{"line":179,"column":29}},"loc":{"start":{"line":179,"column":29},"end":{"line":188,"column":9}},"line":179}},"branchMap":{"0":{"loc":{"start":{"line":97,"column":6},"end":{"line":114,"column":null}},"type":"if","locations":[{"start":{"line":97,"column":6},"end":{"line":114,"column":null}},{"start":{"line":100,"column":13},"end":{"line":114,"column":null}}],"line":97},"1":{"loc":{"start":{"line":148,"column":4},"end":{"line":148,"column":null}},"type":"if","locations":[{"start":{"line":148,"column":4},"end":{"line":148,"column":null}},{"start":{},"end":{}}],"line":148},"2":{"loc":{"start":{"line":150,"column":4},"end":{"line":150,"column":null}},"type":"if","locations":[{"start":{"line":150,"column":4},"end":{"line":150,"column":null}},{"start":{},"end":{}}],"line":150},"3":{"loc":{"start":{"line":159,"column":6},"end":{"line":159,"column":null}},"type":"if","locations":[{"start":{"line":159,"column":6},"end":{"line":159,"column":null}},{"start":{},"end":{}}],"line":159}},"s":{"0":2,"1":2,"2":2,"3":2,"4":2,"5":2,"6":2,"7":2,"8":2,"9":2,"10":4,"11":4,"12":4,"13":0,"14":0,"15":4,"16":4,"17":4,"18":4,"19":4,"20":4,"21":4,"22":2,"23":0,"24":2,"25":2,"26":2,"27":2,"28":2,"29":2,"30":4,"31":0,"32":4,"33":4,"34":1,"35":3,"36":3,"37":3,"38":4,"39":2,"40":2,"41":2,"42":2,"43":2,"44":2,"45":2,"46":2,"47":0,"48":0,"49":0,"50":2,"51":2,"52":2,"53":0},"f":{"0":2,"1":2,"2":0,"3":2,"4":0},"b":{"0":[0,4],"1":[0,4],"2":[1,3],"3":[2,2]},"meta":{"lastBranch":4,"lastFunction":5,"lastStatement":54,"seen":{"f:58:22:58:Infinity":0,"s:77:13:77:Infinity":0,"s:80:24:82:Infinity":1,"s:84:2:84:Infinity":2,"s:86:20:86:Infinity":3,"s:87:21:87:Infinity":4,"s:88:44:88:Infinity":5,"s:89:17:89:Infinity":6,"s:90:14:90:Infinity":7,"s:93:2:116:Infinity":8,"f:93:5:93:23":1,"s:94:4:115:Infinity":9,"s:95:12:95:Infinity":10,"s:96:28:96:Infinity":11,"b:97:6:114:Infinity:100:13:114:Infinity":0,"s:97:6:114:Infinity":12,"s:98:8:98:Infinity":13,"s:99:8:99:Infinity":14,"s:101:8:101:Infinity":15,"s:102:8:102:Infinity":16,"s:103:29:103:Infinity":17,"s:104:8:106:Infinity":18,"s:105:10:105:Infinity":19,"s:107:27:107:Infinity":20,"s:108:8:113:Infinity":21,"s:119:2:119:Infinity":22,"f:119:54:119:61":2,"s:119:69:119:87":23,"s:121:2:121:Infinity":24,"f:138:15:138:Infinity":3,"s:142:13:142:Infinity":25,"s:144:20:144:Infinity":26,"s:145:23:145:Infinity":27,"s:147:2:195:Infinity":28,"s:147:15:147:18":29,"b:148:4:148:Infinity:undefined:undefined:undefined:undefined":1,"s:148:4:148:Infinity":30,"s:148:26:148:Infinity":31,"s:149:17:149:Infinity":32,"b:150:4:150:Infinity:undefined:undefined:undefined:undefined":2,"s:150:4:150:Infinity":33,"s:150:35:150:Infinity":34,"s:153:23:153:Infinity":35,"s:154:28:156:Infinity":36,"s:158:4:194:Infinity":37,"b:159:6:159:Infinity:undefined:undefined:undefined:undefined":3,"s:159:6:159:Infinity":38,"s:159:37:159:Infinity":39,"s:160:6:193:Infinity":40,"s:162:27:165:Infinity":41,"s:166:20:166:Infinity":42,"s:167:8:169:Infinity":43,"s:168:10:168:Infinity":44,"s:172:28:176:Infinity":45,"s:179:8:188:Infinity":46,"f:179:11:179:29":4,"s:180:10:180:Infinity":47,"s:181:10:181:Infinity":48,"s:182:10:187:Infinity":49,"s:190:8:190:Infinity":50,"s:191:8:191:Infinity":51,"s:192:8:192:Infinity":52,"s:193:22:193:62":53}}}
,"C:\\Users\\User\\.gemini\\antigravity\\scratch\\cognitive-memory\\src\\tools\\delete.ts": {"path":"C:\\Users\\User\\.gemini\\antigravity\\scratch\\cognitive-memory\\src\\tools\\delete.ts","statementMap":{"0":{"start":{"line":24,"column":29},"end":{"line":24,"column":null}},"1":{"start":{"line":26,"column":2},"end":{"line":28,"column":null}},"2":{"start":{"line":27,"column":4},"end":{"line":27,"column":null}},"3":{"start":{"line":30,"column":13},"end":{"line":30,"column":null}},"4":{"start":{"line":31,"column":14},"end":{"line":31,"column":null}},"5":{"start":{"line":33,"column":2},"end":{"line":57,"column":null}},"6":{"start":{"line":35,"column":24},"end":{"line":40,"column":null}},"7":{"start":{"line":37,"column":6},"end":{"line":37,"column":null}},"8":{"start":{"line":38,"column":19},"end":{"line":38,"column":null}},"9":{"start":{"line":39,"column":6},"end":{"line":39,"column":null}},"10":{"start":{"line":42,"column":17},"end":{"line":42,"column":null}},"11":{"start":{"line":43,"column":4},"end":{"line":45,"column":null}},"12":{"start":{"line":44,"column":6},"end":{"line":44,"column":null}},"13":{"start":{"line":48,"column":17},"end":{"line":52,"column":null}},"14":{"start":{"line":53,"column":17},"end":{"line":53,"column":null}},"15":{"start":{"line":54,"column":4},"end":{"line":56,"column":null}},"16":{"start":{"line":55,"column":6},"end":{"line":55,"column":null}},"17":{"start":{"line":59,"column":2},"end":{"line":82,"column":null}}},"fnMap":{"0":{"name":"executeMemoryDelete","decl":{"start":{"line":23,"column":22},"end":{"line":23,"column":42}},"loc":{"start":{"line":23,"column":74},"end":{"line":83,"column":null}},"line":23},"1":{"name":"(anonymous_1)","decl":{"start":{"line":35,"column":27},"end":{"line":35,"column":45}},"loc":{"start":{"line":35,"column":45},"end":{"line":40,"column":5}},"line":35}},"branchMap":{"0":{"loc":{"start":{"line":24,"column":12},"end":{"line":24,"column":29}},"type":"default-arg","locations":[{"start":{"line":24,"column":19},"end":{"line":24,"column":29}}],"line":24},"1":{"loc":{"start":{"line":26,"column":2},"end":{"line":28,"column":null}},"type":"if","locations":[{"start":{"line":26,"column":2},"end":{"line":28,"column":null}},{"start":{},"end":{}}],"line":26},"2":{"loc":{"start":{"line":33,"column":2},"end":{"line":57,"column":null}},"type":"if","locations":[{"start":{"line":33,"column":2},"end":{"line":57,"column":null}},{"start":{"line":46,"column":9},"end":{"line":57,"column":null}}],"line":33},"3":{"loc":{"start":{"line":43,"column":4},"end":{"line":45,"column":null}},"type":"if","locations":[{"start":{"line":43,"column":4},"end":{"line":45,"column":null}},{"start":{},"end":{}}],"line":43},"4":{"loc":{"start":{"line":54,"column":4},"end":{"line":56,"column":null}},"type":"if","locations":[{"start":{"line":54,"column":4},"end":{"line":56,"column":null}},{"start":{},"end":{}}],"line":54},"5":{"loc":{"start":{"line":67,"column":13},"end":{"line":69,"column":null}},"type":"cond-expr","locations":[{"start":{"line":68,"column":8},"end":{"line":68,"column":null}},{"start":{"line":69,"column":8},"end":{"line":69,"column":null}}],"line":67},"6":{"loc":{"start":{"line":68,"column":37},"end":{"line":68,"column":81}},"type":"cond-expr","locations":[{"start":{"line":68,"column":44},"end":{"line":68,"column":66}},{"start":{"line":68,"column":66},"end":{"line":68,"column":81}}],"line":68},"7":{"loc":{"start":{"line":81,"column":10},"end":{"line":81,"column":null}},"type":"cond-expr","locations":[{"start":{"line":81,"column":17},"end":{"line":81,"column":26}},{"start":{"line":81,"column":26},"end":{"line":81,"column":null}}],"line":81}},"s":{"0":4,"1":4,"2":1,"3":3,"4":3,"5":3,"6":2,"7":2,"8":2,"9":2,"10":2,"11":2,"12":1,"13":1,"14":1,"15":1,"16":1,"17":3},"f":{"0":4,"1":2},"b":{"0":[4],"1":[1,3],"2":[2,1],"3":[1,1],"4":[1,0],"5":[2,1],"6":[1,1],"7":[2,1]},"meta":{"lastBranch":8,"lastFunction":2,"lastStatement":18,"seen":{"f:23:22:23:42":0,"s:24:29:24:Infinity":0,"b:24:19:24:29":0,"b:26:2:28:Infinity:undefined:undefined:undefined:undefined":1,"s:26:2:28:Infinity":1,"s:27:4:27:Infinity":2,"s:30:13:30:Infinity":3,"s:31:14:31:Infinity":4,"b:33:2:57:Infinity:46:9:57:Infinity":2,"s:33:2:57:Infinity":5,"s:35:24:40:Infinity":6,"f:35:27:35:45":1,"s:37:6:37:Infinity":7,"s:38:19:38:Infinity":8,"s:39:6:39:Infinity":9,"s:42:17:42:Infinity":10,"b:43:4:45:Infinity:undefined:undefined:undefined:undefined":3,"s:43:4:45:Infinity":11,"s:44:6:44:Infinity":12,"s:48:17:52:Infinity":13,"s:53:17:53:Infinity":14,"b:54:4:56:Infinity:undefined:undefined:undefined:undefined":4,"s:54:4:56:Infinity":15,"s:55:6:55:Infinity":16,"s:59:2:82:Infinity":17,"b:68:8:68:Infinity:69:8:69:Infinity":5,"b:68:44:68:66:68:66:68:81":6,"b:81:17:81:26:81:26:81:Infinity":7}}}
,"C:\\Users\\User\\.gemini\\antigravity\\scratch\\cognitive-memory\\src\\tools\\export.ts": {"path":"C:\\Users\\User\\.gemini\\antigravity\\scratch\\cognitive-memory\\src\\tools\\export.ts","statementMap":{"0":{"start":{"line":30,"column":20},"end":{"line":30,"column":null}},"1":{"start":{"line":32,"column":2},"end":{"line":34,"column":null}},"2":{"start":{"line":33,"column":4},"end":{"line":33,"column":null}},"3":{"start":{"line":36,"column":13},"end":{"line":36,"column":null}},"4":{"start":{"line":39,"column":19},"end":{"line":39,"column":null}},"5":{"start":{"line":42,"column":16},"end":{"line":42,"column":null}},"6":{"start":{"line":45,"column":24},"end":{"line":45,"column":null}},"7":{"start":{"line":46,"column":24},"end":{"line":46,"column":null}},"8":{"start":{"line":48,"column":2},"end":{"line":53,"column":null}},"9":{"start":{"line":49,"column":4},"end":{"line":49,"column":null}},"10":{"start":{"line":49,"column":44},"end":{"line":49,"column":null}},"11":{"start":{"line":50,"column":4},"end":{"line":50,"column":null}},"12":{"start":{"line":50,"column":44},"end":{"line":50,"column":null}},"13":{"start":{"line":51,"column":4},"end":{"line":51,"column":null}},"14":{"start":{"line":52,"column":4},"end":{"line":52,"column":null}},"15":{"start":{"line":55,"column":34},"end":{"line":55,"column":null}},"16":{"start":{"line":56,"column":19},"end":{"line":56,"column":null}},"17":{"start":{"line":59,"column":2},"end":{"line":124,"column":null}},"18":{"start":{"line":60,"column":20},"end":{"line":60,"column":null}},"19":{"start":{"line":61,"column":4},"end":{"line":63,"column":null}},"20":{"start":{"line":62,"column":6},"end":{"line":62,"column":null}},"21":{"start":{"line":65,"column":21},"end":{"line":65,"column":null}},"22":{"start":{"line":66,"column":20},"end":{"line":66,"column":null}},"23":{"start":{"line":67,"column":21},"end":{"line":67,"column":null}},"24":{"start":{"line":68,"column":21},"end":{"line":68,"column":null}},"25":{"start":{"line":71,"column":13},"end":{"line":83,"column":null}},"26":{"start":{"line":89,"column":21},"end":{"line":89,"column":null}},"27":{"start":{"line":90,"column":20},"end":{"line":90,"column":null}},"28":{"start":{"line":92,"column":4},"end":{"line":103,"column":null}},"29":{"start":{"line":93,"column":6},"end":{"line":93,"column":null}},"30":{"start":{"line":95,"column":6},"end":{"line":98,"column":null}},"31":{"start":{"line":96,"column":30},"end":{"line":96,"column":null}},"32":{"start":{"line":97,"column":8},"end":{"line":97,"column":null}},"33":{"start":{"line":99,"column":6},"end":{"line":102,"column":null}},"34":{"start":{"line":100,"column":30},"end":{"line":100,"column":null}},"35":{"start":{"line":101,"column":8},"end":{"line":101,"column":null}},"36":{"start":{"line":106,"column":18},"end":{"line":106,"column":null}},"37":{"start":{"line":107,"column":4},"end":{"line":109,"column":null}},"38":{"start":{"line":108,"column":6},"end":{"line":108,"column":null}},"39":{"start":{"line":111,"column":4},"end":{"line":116,"column":null}},"40":{"start":{"line":122,"column":4},"end":{"line":122,"column":null}},"41":{"start":{"line":123,"column":4},"end":{"line":123,"column":null}},"42":{"start":{"line":126,"column":2},"end":{"line":132,"column":null}}},"fnMap":{"0":{"name":"executeMemoryExport","decl":{"start":{"line":29,"column":22},"end":{"line":29,"column":42}},"loc":{"start":{"line":29,"column":182},"end":{"line":133,"column":null}},"line":29}},"branchMap":{"0":{"loc":{"start":{"line":29,"column":42},"end":{"line":29,"column":182}},"type":"default-arg","locations":[{"start":{"line":29,"column":61},"end":{"line":29,"column":182}}],"line":29},"1":{"loc":{"start":{"line":30,"column":20},"end":{"line":30,"column":null}},"type":"cond-expr","locations":[{"start":{"line":30,"column":37},"end":{"line":30,"column":68}},{"start":{"line":30,"column":68},"end":{"line":30,"column":null}}],"line":30},"2":{"loc":{"start":{"line":32,"column":2},"end":{"line":34,"column":null}},"type":"if","locations":[{"start":{"line":32,"column":2},"end":{"line":34,"column":null}},{"start":{},"end":{}}],"line":32},"3":{"loc":{"start":{"line":49,"column":4},"end":{"line":49,"column":null}},"type":"if","locations":[{"start":{"line":49,"column":4},"end":{"line":49,"column":null}},{"start":{},"end":{}}],"line":49},"4":{"loc":{"start":{"line":50,"column":4},"end":{"line":50,"column":null}},"type":"if","locations":[{"start":{"line":50,"column":4},"end":{"line":50,"column":null}},{"start":{},"end":{}}],"line":50},"5":{"loc":{"start":{"line":62,"column":13},"end":{"line":62,"column":null}},"type":"cond-expr","locations":[{"start":{"line":62,"column":48},"end":{"line":62,"column":75}},{"start":{"line":62,"column":75},"end":{"line":62,"column":null}}],"line":62},"6":{"loc":{"start":{"line":65,"column":21},"end":{"line":65,"column":null}},"type":"binary-expr","locations":[{"start":{"line":65,"column":21},"end":{"line":65,"column":35}},{"start":{"line":65,"column":35},"end":{"line":65,"column":null}}],"line":65},"7":{"loc":{"start":{"line":66,"column":20},"end":{"line":66,"column":null}},"type":"binary-expr","locations":[{"start":{"line":66,"column":20},"end":{"line":66,"column":52}},{"start":{"line":66,"column":52},"end":{"line":66,"column":null}}],"line":66},"8":{"loc":{"start":{"line":77,"column":16},"end":{"line":77,"column":null}},"type":"binary-expr","locations":[{"start":{"line":77,"column":16},"end":{"line":77,"column":38}},{"start":{"line":77,"column":38},"end":{"line":77,"column":null}}],"line":77},"9":{"loc":{"start":{"line":89,"column":21},"end":{"line":89,"column":null}},"type":"binary-expr","locations":[{"start":{"line":89,"column":21},"end":{"line":89,"column":50}},{"start":{"line":89,"column":50},"end":{"line":89,"column":null}}],"line":89},"10":{"loc":{"start":{"line":90,"column":20},"end":{"line":90,"column":null}},"type":"binary-expr","locations":[{"start":{"line":90,"column":20},"end":{"line":90,"column":49}},{"start":{"line":90,"column":49},"end":{"line":90,"column":null}}],"line":90},"11":{"loc":{"start":{"line":92,"column":4},"end":{"line":103,"column":null}},"type":"if","locations":[{"start":{"line":92,"column":4},"end":{"line":103,"column":null}},{"start":{"line":94,"column":11},"end":{"line":103,"column":null}}],"line":92},"12":{"loc":{"start":{"line":92,"column":8},"end":{"line":92,"column":55}},"type":"binary-expr","locations":[{"start":{"line":92,"column":8},"end":{"line":92,"column":33}},{"start":{"line":92,"column":33},"end":{"line":92,"column":55}}],"line":92},"13":{"loc":{"start":{"line":96,"column":30},"end":{"line":96,"column":null}},"type":"binary-expr","locations":[{"start":{"line":96,"column":30},"end":{"line":96,"column":70}},{"start":{"line":96,"column":70},"end":{"line":96,"column":null}}],"line":96},"14":{"loc":{"start":{"line":100,"column":30},"end":{"line":100,"column":null}},"type":"binary-expr","locations":[{"start":{"line":100,"column":30},"end":{"line":100,"column":70}},{"start":{"line":100,"column":70},"end":{"line":100,"column":null}}],"line":100}},"s":{"0":2,"1":2,"2":0,"3":2,"4":2,"5":2,"6":2,"7":2,"8":2,"9":0,"10":0,"11":0,"12":0,"13":0,"14":0,"15":2,"16":2,"17":2,"18":3,"19":3,"20":3,"21":3,"22":3,"23":3,"24":3,"25":3,"26":3,"27":3,"28":3,"29":3,"30":0,"31":0,"32":0,"33":0,"34":0,"35":0,"36":3,"37":3,"38":3,"39":3,"40":3,"41":3,"42":2},"f":{"0":2},"b":{"0":[2],"1":[2,0],"2":[0,2],"3":[0,0],"4":[0,0],"5":[3,0],"6":[3,2],"7":[3,3],"8":[3,3],"9":[3,3],"10":[3,3],"11":[3,0],"12":[3,3],"13":[0,0],"14":[0,0]},"meta":{"lastBranch":15,"lastFunction":1,"lastStatement":43,"seen":{"f:29:22:29:42":0,"b:29:61:29:182":0,"s:30:20:30:Infinity":0,"b:30:37:30:68:30:68:30:Infinity":1,"b:32:2:34:Infinity:undefined:undefined:undefined:undefined":2,"s:32:2:34:Infinity":1,"s:33:4:33:Infinity":2,"s:36:13:36:Infinity":3,"s:39:19:39:Infinity":4,"s:42:16:42:Infinity":5,"s:45:24:45:Infinity":6,"s:46:24:46:Infinity":7,"s:48:2:53:Infinity":8,"b:49:4:49:Infinity:undefined:undefined:undefined:undefined":3,"s:49:4:49:Infinity":9,"s:49:44:49:Infinity":10,"b:50:4:50:Infinity:undefined:undefined:undefined:undefined":4,"s:50:4:50:Infinity":11,"s:50:44:50:Infinity":12,"s:51:4:51:Infinity":13,"s:52:4:52:Infinity":14,"s:55:34:55:Infinity":15,"s:56:19:56:Infinity":16,"s:59:2:124:Infinity":17,"s:60:20:60:Infinity":18,"s:61:4:63:Infinity":19,"s:62:6:62:Infinity":20,"b:62:48:62:75:62:75:62:Infinity":5,"s:65:21:65:Infinity":21,"b:65:21:65:35:65:35:65:Infinity":6,"s:66:20:66:Infinity":22,"b:66:20:66:52:66:52:66:Infinity":7,"s:67:21:67:Infinity":23,"s:68:21:68:Infinity":24,"s:71:13:83:Infinity":25,"b:77:16:77:38:77:38:77:Infinity":8,"s:89:21:89:Infinity":26,"b:89:21:89:50:89:50:89:Infinity":9,"s:90:20:90:Infinity":27,"b:90:20:90:49:90:49:90:Infinity":10,"b:92:4:103:Infinity:94:11:103:Infinity":11,"s:92:4:103:Infinity":28,"b:92:8:92:33:92:33:92:55":12,"s:93:6:93:Infinity":29,"s:95:6:98:Infinity":30,"s:96:30:96:Infinity":31,"b:96:30:96:70:96:70:96:Infinity":13,"s:97:8:97:Infinity":32,"s:99:6:102:Infinity":33,"s:100:30:100:Infinity":34,"b:100:30:100:70:100:70:100:Infinity":14,"s:101:8:101:Infinity":35,"s:106:18:106:Infinity":36,"s:107:4:109:Infinity":37,"s:108:6:108:Infinity":38,"s:111:4:116:Infinity":39,"s:122:4:122:Infinity":40,"s:123:4:123:Infinity":41,"s:126:2:132:Infinity":42}}}
,"C:\\Users\\User\\.gemini\\antigravity\\scratch\\cognitive-memory\\src\\tools\\graph.ts": {"path":"C:\\Users\\User\\.gemini\\antigravity\\scratch\\cognitive-memory\\src\\tools\\graph.ts","statementMap":{"0":{"start":{"line":32,"column":60},"end":{"line":32,"column":null}},"1":{"start":{"line":34,"column":2},"end":{"line":36,"column":null}},"2":{"start":{"line":35,"column":4},"end":{"line":35,"column":null}},"3":{"start":{"line":38,"column":13},"end":{"line":38,"column":null}},"4":{"start":{"line":39,"column":8},"end":{"line":39,"column":null}},"5":{"start":{"line":44,"column":15},"end":{"line":47,"column":null}},"6":{"start":{"line":49,"column":2},"end":{"line":49,"column":null}},"7":{"start":{"line":51,"column":2},"end":{"line":69,"column":null}}},"fnMap":{"0":{"name":"executeMemoryRelate","decl":{"start":{"line":31,"column":22},"end":{"line":31,"column":42}},"loc":{"start":{"line":31,"column":65},"end":{"line":70,"column":null}},"line":31}},"branchMap":{"0":{"loc":{"start":{"line":32,"column":42},"end":{"line":32,"column":60}},"type":"default-arg","locations":[{"start":{"line":32,"column":53},"end":{"line":32,"column":60}}],"line":32},"1":{"loc":{"start":{"line":34,"column":2},"end":{"line":36,"column":null}},"type":"if","locations":[{"start":{"line":34,"column":2},"end":{"line":36,"column":null}},{"start":{},"end":{}}],"line":34},"2":{"loc":{"start":{"line":34,"column":6},"end":{"line":34,"column":47}},"type":"binary-expr","locations":[{"start":{"line":34,"column":6},"end":{"line":34,"column":19}},{"start":{"line":34,"column":19},"end":{"line":34,"column":32}},{"start":{"line":34,"column":32},"end":{"line":34,"column":47}}],"line":34}},"s":{"0":4,"1":4,"2":1,"3":3,"4":3,"5":3,"6":3,"7":3},"f":{"0":4},"b":{"0":[4],"1":[1,3],"2":[4,4,4]},"meta":{"lastBranch":3,"lastFunction":1,"lastStatement":8,"seen":{"f:31:22:31:42":0,"s:32:60:32:Infinity":0,"b:32:53:32:60":0,"b:34:2:36:Infinity:undefined:undefined:undefined:undefined":1,"s:34:2:36:Infinity":1,"b:34:6:34:19:34:19:34:32:34:32:34:47":2,"s:35:4:35:Infinity":2,"s:38:13:38:Infinity":3,"s:39:8:39:Infinity":4,"s:44:15:47:Infinity":5,"s:49:2:49:Infinity":6,"s:51:2:69:Infinity":7}}}
,"C:\\Users\\User\\.gemini\\antigravity\\scratch\\cognitive-memory\\src\\tools\\search.ts": {"path":"C:\\Users\\User\\.gemini\\antigravity\\scratch\\cognitive-memory\\src\\tools\\search.ts","statementMap":{"0":{"start":{"line":29,"column":48},"end":{"line":29,"column":null}},"1":{"start":{"line":31,"column":2},"end":{"line":33,"column":null}},"2":{"start":{"line":32,"column":4},"end":{"line":32,"column":null}},"3":{"start":{"line":36,"column":25},"end":{"line":36,"column":null}},"4":{"start":{"line":39,"column":13},"end":{"line":39,"column":null}},"5":{"start":{"line":43,"column":22},"end":{"line":43,"column":null}},"6":{"start":{"line":47,"column":15},"end":{"line":64,"column":null}},"7":{"start":{"line":66,"column":21},"end":{"line":66,"column":null}},"8":{"start":{"line":68,"column":18},"end":{"line":68,"column":null}},"9":{"start":{"line":71,"column":2},"end":{"line":84,"column":null}},"10":{"start":{"line":72,"column":19},"end":{"line":72,"column":null}},"11":{"start":{"line":72,"column":36},"end":{"line":72,"column":43}},"12":{"start":{"line":73,"column":25},"end":{"line":73,"column":null}},"13":{"start":{"line":73,"column":42},"end":{"line":73,"column":45}},"14":{"start":{"line":74,"column":4},"end":{"line":83,"column":null}},"15":{"start":{"line":75,"column":6},"end":{"line":80,"column":null}},"16":{"start":{"line":82,"column":6},"end":{"line":82,"column":null}},"17":{"start":{"line":86,"column":2},"end":{"line":114,"column":null}},"18":{"start":{"line":95,"column":27},"end":{"line":95,"column":null}},"19":{"start":{"line":96,"column":6},"end":{"line":102,"column":null}},"20":{"start":{"line":97,"column":8},"end":{"line":101,"column":null}},"21":{"start":{"line":98,"column":10},"end":{"line":98,"column":null}},"22":{"start":{"line":100,"column":10},"end":{"line":100,"column":null}},"23":{"start":{"line":103,"column":6},"end":{"line":112,"column":null}}},"fnMap":{"0":{"name":"executeMemorySearch","decl":{"start":{"line":28,"column":22},"end":{"line":28,"column":42}},"loc":{"start":{"line":28,"column":60},"end":{"line":115,"column":null}},"line":28},"1":{"name":"(anonymous_1)","decl":{"start":{"line":72,"column":27},"end":{"line":72,"column":31}},"loc":{"start":{"line":72,"column":36},"end":{"line":72,"column":43}},"line":72},"2":{"name":"(anonymous_2)","decl":{"start":{"line":73,"column":32},"end":{"line":73,"column":42}},"loc":{"start":{"line":73,"column":42},"end":{"line":73,"column":45}},"line":73},"3":{"name":"(anonymous_3)","decl":{"start":{"line":94,"column":21},"end":{"line":94,"column":26}},"loc":{"start":{"line":94,"column":37},"end":{"line":113,"column":5}},"line":94}},"branchMap":{"0":{"loc":{"start":{"line":29,"column":17},"end":{"line":29,"column":28}},"type":"default-arg","locations":[{"start":{"line":29,"column":25},"end":{"line":29,"column":28}}],"line":29},"1":{"loc":{"start":{"line":29,"column":28},"end":{"line":29,"column":48}},"type":"default-arg","locations":[{"start":{"line":29,"column":40},"end":{"line":29,"column":48}}],"line":29},"2":{"loc":{"start":{"line":31,"column":2},"end":{"line":33,"column":null}},"type":"if","locations":[{"start":{"line":31,"column":2},"end":{"line":33,"column":null}},{"start":{},"end":{}}],"line":31},"3":{"loc":{"start":{"line":31,"column":6},"end":{"line":31,"column":43}},"type":"binary-expr","locations":[{"start":{"line":31,"column":6},"end":{"line":31,"column":16}},{"start":{"line":31,"column":16},"end":{"line":31,"column":43}}],"line":31},"4":{"loc":{"start":{"line":71,"column":2},"end":{"line":84,"column":null}},"type":"if","locations":[{"start":{"line":71,"column":2},"end":{"line":84,"column":null}},{"start":{},"end":{}}],"line":71},"5":{"loc":{"start":{"line":96,"column":6},"end":{"line":102,"column":null}},"type":"if","locations":[{"start":{"line":96,"column":6},"end":{"line":102,"column":null}},{"start":{},"end":{}}],"line":96}},"s":{"0":1,"1":1,"2":0,"3":1,"4":1,"5":1,"6":1,"7":1,"8":1,"9":1,"10":1,"11":1,"12":1,"13":1,"14":1,"15":1,"16":0,"17":1,"18":1,"19":1,"20":1,"21":1,"22":0,"23":1},"f":{"0":1,"1":1,"2":1,"3":1},"b":{"0":[1],"1":[1],"2":[0,1],"3":[1,1],"4":[1,0],"5":[1,0]},"meta":{"lastBranch":6,"lastFunction":4,"lastStatement":24,"seen":{"f:28:22:28:42":0,"s:29:48:29:Infinity":0,"b:29:25:29:28":0,"b:29:40:29:48":1,"b:31:2:33:Infinity:undefined:undefined:undefined:undefined":2,"s:31:2:33:Infinity":1,"b:31:6:31:16:31:16:31:43":3,"s:32:4:32:Infinity":2,"s:36:25:36:Infinity":3,"s:39:13:39:Infinity":4,"s:43:22:43:Infinity":5,"s:47:15:64:Infinity":6,"s:66:21:66:Infinity":7,"s:68:18:68:Infinity":8,"b:71:2:84:Infinity:undefined:undefined:undefined:undefined":4,"s:71:2:84:Infinity":9,"s:72:19:72:Infinity":10,"f:72:27:72:31":1,"s:72:36:72:43":11,"s:73:25:73:Infinity":12,"f:73:32:73:42":2,"s:73:42:73:45":13,"s:74:4:83:Infinity":14,"s:75:6:80:Infinity":15,"s:82:6:82:Infinity":16,"s:86:2:114:Infinity":17,"f:94:21:94:26":3,"s:95:27:95:Infinity":18,"b:96:6:102:Infinity:undefined:undefined:undefined:undefined":5,"s:96:6:102:Infinity":19,"s:97:8:101:Infinity":20,"s:98:10:98:Infinity":21,"s:100:10:100:Infinity":22,"s:103:6:112:Infinity":23}}}
,"C:\\Users\\User\\.gemini\\antigravity\\scratch\\cognitive-memory\\src\\tools\\store.ts": {"path":"C:\\Users\\User\\.gemini\\antigravity\\scratch\\cognitive-memory\\src\\tools\\store.ts","statementMap":{"0":{"start":{"line":29,"column":52},"end":{"line":29,"column":null}},"1":{"start":{"line":31,"column":2},"end":{"line":33,"column":null}},"2":{"start":{"line":32,"column":4},"end":{"line":32,"column":null}},"3":{"start":{"line":36,"column":20},"end":{"line":36,"column":null}},"4":{"start":{"line":39,"column":13},"end":{"line":39,"column":null}},"5":{"start":{"line":42,"column":8},"end":{"line":42,"column":null}},"6":{"start":{"line":45,"column":18},"end":{"line":66,"column":null}},"7":{"start":{"line":46,"column":17},"end":{"line":49,"column":null}},"8":{"start":{"line":50,"column":17},"end":{"line":50,"column":null}},"9":{"start":{"line":54,"column":18},"end":{"line":54,"column":null}},"10":{"start":{"line":56,"column":20},"end":{"line":59,"column":null}},"11":{"start":{"line":62,"column":23},"end":{"line":62,"column":null}},"12":{"start":{"line":63,"column":4},"end":{"line":63,"column":null}},"13":{"start":{"line":65,"column":4},"end":{"line":65,"column":null}},"14":{"start":{"line":68,"column":2},"end":{"line":68,"column":null}},"15":{"start":{"line":70,"column":2},"end":{"line":80,"column":null}}},"fnMap":{"0":{"name":"executeMemoryStore","decl":{"start":{"line":28,"column":22},"end":{"line":28,"column":41}},"loc":{"start":{"line":28,"column":58},"end":{"line":81,"column":null}},"line":28},"1":{"name":"(anonymous_1)","decl":{"start":{"line":45,"column":21},"end":{"line":45,"column":39}},"loc":{"start":{"line":45,"column":39},"end":{"line":66,"column":3}},"line":45}},"branchMap":{"0":{"loc":{"start":{"line":29,"column":16},"end":{"line":29,"column":31}},"type":"default-arg","locations":[{"start":{"line":29,"column":27},"end":{"line":29,"column":31}}],"line":29},"1":{"loc":{"start":{"line":29,"column":31},"end":{"line":29,"column":52}},"type":"default-arg","locations":[{"start":{"line":29,"column":44},"end":{"line":29,"column":52}}],"line":29},"2":{"loc":{"start":{"line":31,"column":2},"end":{"line":33,"column":null}},"type":"if","locations":[{"start":{"line":31,"column":2},"end":{"line":33,"column":null}},{"start":{},"end":{}}],"line":31},"3":{"loc":{"start":{"line":31,"column":6},"end":{"line":31,"column":41}},"type":"binary-expr","locations":[{"start":{"line":31,"column":6},"end":{"line":31,"column":15}},{"start":{"line":31,"column":15},"end":{"line":31,"column":41}}],"line":31}},"s":{"0":17,"1":17,"2":0,"3":17,"4":17,"5":17,"6":17,"7":17,"8":17,"9":17,"10":17,"11":17,"12":17,"13":17,"14":17,"15":17},"f":{"0":17,"1":17},"b":{"0":[17],"1":[17],"2":[0,17],"3":[17,17]},"meta":{"lastBranch":4,"lastFunction":2,"lastStatement":16,"seen":{"f:28:22:28:41":0,"s:29:52:29:Infinity":0,"b:29:27:29:31":0,"b:29:44:29:52":1,"b:31:2:33:Infinity:undefined:undefined:undefined:undefined":2,"s:31:2:33:Infinity":1,"b:31:6:31:15:31:15:31:41":3,"s:32:4:32:Infinity":2,"s:36:20:36:Infinity":3,"s:39:13:39:Infinity":4,"s:42:8:42:Infinity":5,"s:45:18:66:Infinity":6,"f:45:21:45:39":1,"s:46:17:49:Infinity":7,"s:50:17:50:Infinity":8,"s:54:18:54:Infinity":9,"s:56:20:59:Infinity":10,"s:62:23:62:Infinity":11,"s:63:4:63:Infinity":12,"s:65:4:65:Infinity":13,"s:68:2:68:Infinity":14,"s:70:2:80:Infinity":15}}}
}
